\BOOKMARK [1][-]{section.1}{Introducci\363n}{}% 1
\BOOKMARK [1][-]{section.2}{Desarrollo}{}% 2
\BOOKMARK [2][-]{subsection.2.1}{Consideraciones:}{section.2}% 3
\BOOKMARK [2][-]{subsection.2.2}{Proceso de compilaci\363n:}{section.2}% 4
\BOOKMARK [1][-]{section.3}{Casos de prueba:}{}% 5
\BOOKMARK [2][-]{subsection.3.1}{Comienzo de pruebas:}{section.3}% 6
\BOOKMARK [3][-]{subsubsection.3.1.1}{Test 1}{subsection.3.1}% 7
\BOOKMARK [3][-]{subsubsection.3.1.2}{Test 2}{subsection.3.1}% 8
\BOOKMARK [3][-]{subsubsection.3.1.3}{Test 3}{subsection.3.1}% 9
\BOOKMARK [3][-]{subsubsection.3.1.4}{Test 4}{subsection.3.1}% 10
\BOOKMARK [3][-]{subsubsection.3.1.5}{Test 5}{subsection.3.1}% 11
\BOOKMARK [3][-]{subsubsection.3.1.6}{Test 6}{subsection.3.1}% 12
\BOOKMARK [3][-]{subsubsection.3.1.7}{Test 7}{subsection.3.1}% 13
\BOOKMARK [3][-]{subsubsection.3.1.8}{Test 8}{subsection.3.1}% 14
\BOOKMARK [3][-]{subsubsection.3.1.9}{Test 9}{subsection.3.1}% 15
\BOOKMARK [3][-]{subsubsection.3.1.10}{Test 10}{subsection.3.1}% 16
\BOOKMARK [3][-]{subsubsection.3.1.11}{Test 11}{subsection.3.1}% 17
\BOOKMARK [3][-]{subsubsection.3.1.12}{Test 15}{subsection.3.1}% 18
\BOOKMARK [1][-]{section.4}{Partes del codigo relevantes}{}% 19
\BOOKMARK [2][-]{subsection.4.1}{MCD}{section.4}% 20
\BOOKMARK [2][-]{subsection.4.2}{MCM}{section.4}% 21
\BOOKMARK [1][-]{section.5}{Diagrama del Stack Frame}{}% 22
\BOOKMARK [2][-]{subsection.5.1}{MCD}{section.5}% 23
\BOOKMARK [2][-]{subsection.5.2}{MCM}{section.5}% 24
\BOOKMARK [1][-]{section.6}{Conclusiones}{}% 25
\BOOKMARK [1][-]{section.7}{El c\363digo fuente, en lenguaje C:}{}% 26
\BOOKMARK [1][-]{section.8}{El c\363digo Assembler:}{}% 27
\BOOKMARK [1][-]{section.9}{Enunciado}{}% 28
