This is pdfTeX, Version 3.14159265-2.6-1.40.16 (TeX Live 2015/Debian) (preloaded format=pdflatex 2017.9.6)  18 OCT 2017 10:40
entering extended mode
 restricted \write18 enabled.
 %&-line parsing enabled.
**informe.tex
(./informe.tex
LaTeX2e <2016/02/01>
Babel <3.9q> and hyphenation patterns for 81 language(s) loaded.
(/usr/share/texlive/texmf-dist/tex/latex/base/article.cls
Document Class: article 2014/09/29 v1.4h Standard LaTeX document class
(/usr/share/texlive/texmf-dist/tex/latex/base/size10.clo
File: size10.clo 2014/09/29 v1.4h Standard LaTeX file (size option)
)
\c@part=\count79
\c@section=\count80
\c@subsection=\count81
\c@subsubsection=\count82
\c@paragraph=\count83
\c@subparagraph=\count84
\c@figure=\count85
\c@table=\count86
\abovecaptionskip=\skip41
\belowcaptionskip=\skip42
\bibindent=\dimen102
)
(/usr/share/texlive/texmf-dist/tex/latex/graphics/graphicx.sty
Package: graphicx 2014/10/28 v1.0g Enhanced LaTeX Graphics (DPC,SPQR)

(/usr/share/texlive/texmf-dist/tex/latex/graphics/keyval.sty
Package: keyval 2014/10/28 v1.15 key=value parser (DPC)
\KV@toks@=\toks14
)
(/usr/share/texlive/texmf-dist/tex/latex/graphics/graphics.sty
Package: graphics 2016/01/03 v1.0q Standard LaTeX Graphics (DPC,SPQR)

(/usr/share/texlive/texmf-dist/tex/latex/graphics/trig.sty
Package: trig 2016/01/03 v1.10 sin cos tan (DPC)
)
(/usr/share/texlive/texmf-dist/tex/latex/latexconfig/graphics.cfg
File: graphics.cfg 2010/04/23 v1.9 graphics configuration of TeX Live
)
Package graphics Info: Driver file: pdftex.def on input line 95.

(/usr/share/texlive/texmf-dist/tex/latex/pdftex-def/pdftex.def
File: pdftex.def 2011/05/27 v0.06d Graphics/color for pdfTeX

(/usr/share/texlive/texmf-dist/tex/generic/oberdiek/infwarerr.sty
Package: infwarerr 2010/04/08 v1.3 Providing info/warning/error messages (HO)
)
(/usr/share/texlive/texmf-dist/tex/generic/oberdiek/ltxcmds.sty
Package: ltxcmds 2011/11/09 v1.22 LaTeX kernel commands for general use (HO)
)
\Gread@gobject=\count87
))
\Gin@req@height=\dimen103
\Gin@req@width=\dimen104
)
(/usr/share/texlive/texmf-dist/tex/latex/base/inputenc.sty
Package: inputenc 2015/03/17 v1.2c Input encoding file
\inpenc@prehook=\toks15
\inpenc@posthook=\toks16

(/usr/share/texlive/texmf-dist/tex/latex/base/ansinew.def
File: ansinew.def 2015/03/17 v1.2c Input encoding file
))
(/usr/share/texlive/texmf-dist/tex/generic/babel/babel.sty
Package: babel 2016/02/24 3.9q The Babel package

(/usr/share/texlive/texmf-dist/tex/generic/babel-spanish/spanish.ldf
Language: spanish.ldf 2016/01/15 v5.0o Spanish support from the babel system

(/usr/share/texlive/texmf-dist/tex/generic/babel/babel.def
File: babel.def 2016/02/24 3.9q Babel common definitions
\babel@savecnt=\count88
\U@D=\dimen105
)
\es@quottoks=\toks17
\es@quotdepth=\count89
Package babel Info: Making " an active character on input line 533.
Package babel Info: Making . an active character on input line 634.
Package babel Info: Making < an active character on input line 679.
Package babel Info: Making > an active character on input line 679.
))
(/usr/share/texlive/texmf-dist/tex/latex/pdfpages/pdfpages.sty
Package: pdfpages 2015/09/18 v0.5d Insert pages of external PDF documents (AM)

(/usr/share/texlive/texmf-dist/tex/latex/base/ifthen.sty
Package: ifthen 2014/09/29 v1.1c Standard LaTeX ifthen package (DPC)
)
(/usr/share/texlive/texmf-dist/tex/latex/tools/calc.sty
Package: calc 2014/10/28 v4.3 Infix arithmetic (KKT,FJ)
\calc@Acount=\count90
\calc@Bcount=\count91
\calc@Adimen=\dimen106
\calc@Bdimen=\dimen107
\calc@Askip=\skip43
\calc@Bskip=\skip44
LaTeX Info: Redefining \setlength on input line 80.
LaTeX Info: Redefining \addtolength on input line 81.
\calc@Ccount=\count92
\calc@Cskip=\skip45
)
(/usr/share/texlive/texmf-dist/tex/latex/eso-pic/eso-pic.sty
Package: eso-pic 2015/07/21 v2.0g eso-pic (RN)

(/usr/share/texlive/texmf-dist/tex/generic/oberdiek/atbegshi.sty
Package: atbegshi 2011/10/05 v1.16 At begin shipout hook (HO)

(/usr/share/texlive/texmf-dist/tex/generic/oberdiek/ifpdf.sty
Package: ifpdf 2011/01/30 v2.3 Provides the ifpdf switch (HO)
Package ifpdf Info: pdfTeX in PDF mode is detected.
))
(/usr/share/texlive/texmf-dist/tex/latex/xcolor/xcolor.sty
Package: xcolor 2007/01/21 v2.11 LaTeX color extensions (UK)

(/usr/share/texlive/texmf-dist/tex/latex/latexconfig/color.cfg
File: color.cfg 2007/01/18 v1.5 color configuration of teTeX/TeXLive
)
Package xcolor Info: Driver file: pdftex.def on input line 225.
Package xcolor Info: Model `cmy' substituted by `cmy0' on input line 1337.
Package xcolor Info: Model `hsb' substituted by `rgb' on input line 1341.
Package xcolor Info: Model `RGB' extended on input line 1353.
Package xcolor Info: Model `HTML' substituted by `rgb' on input line 1355.
Package xcolor Info: Model `Hsb' substituted by `hsb' on input line 1356.
Package xcolor Info: Model `tHsb' substituted by `hsb' on input line 1357.
Package xcolor Info: Model `HSB' substituted by `hsb' on input line 1358.
Package xcolor Info: Model `Gray' substituted by `gray' on input line 1359.
Package xcolor Info: Model `wave' substituted by `hsb' on input line 1360.
))
\AM@pagewidth=\dimen108
\AM@pageheight=\dimen109

(/usr/share/texlive/texmf-dist/tex/latex/pdfpages/pppdftex.def
File: pppdftex.def 2015/09/18 v0.5d Pdfpages driver for pdfTeX (AM)
)
\AM@pagebox=\box26
\AM@toc@title=\toks18
\c@AM@survey=\count93
\AM@templatesizebox=\box27
)
(/usr/share/texlive/texmf-dist/tex/latex/listings/listings.sty
\lst@mode=\count94
\lst@gtempboxa=\box28
\lst@token=\toks19
\lst@length=\count95
\lst@currlwidth=\dimen110
\lst@column=\count96
\lst@pos=\count97
\lst@lostspace=\dimen111
\lst@width=\dimen112
\lst@newlines=\count98
\lst@lineno=\count99
\lst@maxwidth=\dimen113

(/usr/share/texlive/texmf-dist/tex/latex/listings/lstmisc.sty
File: lstmisc.sty 2015/06/04 1.6 (Carsten Heinz)
\c@lstnumber=\count100
\lst@skipnumbers=\count101
\lst@framebox=\box29
)
(/usr/share/texlive/texmf-dist/tex/latex/listings/listings.cfg
File: listings.cfg 2015/06/04 1.6 listings configuration
))
Package: listings 2015/06/04 1.6 (Carsten Heinz)
 (./informe.aux
LaTeX Info: Redefining \. on input line 6.
LaTeX Info: Redefining \% on input line 6.
)
\openout1 = `informe.aux'.

LaTeX Font Info:    Checking defaults for OML/cmm/m/it on input line 29.
LaTeX Font Info:    ... okay on input line 29.
LaTeX Font Info:    Checking defaults for T1/cmr/m/n on input line 29.
LaTeX Font Info:    ... okay on input line 29.
LaTeX Font Info:    Checking defaults for OT1/cmr/m/n on input line 29.
LaTeX Font Info:    ... okay on input line 29.
LaTeX Font Info:    Checking defaults for OMS/cmsy/m/n on input line 29.
LaTeX Font Info:    ... okay on input line 29.
LaTeX Font Info:    Checking defaults for OMX/cmex/m/n on input line 29.
LaTeX Font Info:    ... okay on input line 29.
LaTeX Font Info:    Checking defaults for U/cmr/m/n on input line 29.
LaTeX Font Info:    ... okay on input line 29.
 (/usr/share/texlive/texmf-dist/tex/context/base/supp-pdf.mkii
[Loading MPS to PDF converter (version 2006.09.02).]
\scratchcounter=\count102
\scratchdimen=\dimen114
\scratchbox=\box30
\nofMPsegments=\count103
\nofMParguments=\count104
\everyMPshowfont=\toks20
\MPscratchCnt=\count105
\MPscratchDim=\dimen115
\MPnumerator=\count106
\makeMPintoPDFobject=\count107
\everyMPtoPDFconversion=\toks21
) (/usr/share/texlive/texmf-dist/tex/generic/oberdiek/pdftexcmds.sty
Package: pdftexcmds 2011/11/29 v0.20 Utility functions of pdfTeX for LuaTeX (HO
)

(/usr/share/texlive/texmf-dist/tex/generic/oberdiek/ifluatex.sty
Package: ifluatex 2010/03/01 v1.3 Provides the ifluatex switch (HO)
Package ifluatex Info: LuaTeX not detected.
)
Package pdftexcmds Info: LuaTeX not detected.
Package pdftexcmds Info: \pdf@primitive is available.
Package pdftexcmds Info: \pdf@ifprimitive is available.
Package pdftexcmds Info: \pdfdraftmode found.
)
(/usr/share/texlive/texmf-dist/tex/latex/oberdiek/epstopdf-base.sty
Package: epstopdf-base 2010/02/09 v2.5 Base part for package epstopdf

(/usr/share/texlive/texmf-dist/tex/latex/oberdiek/grfext.sty
Package: grfext 2010/08/19 v1.1 Manage graphics extensions (HO)

(/usr/share/texlive/texmf-dist/tex/generic/oberdiek/kvdefinekeys.sty
Package: kvdefinekeys 2011/04/07 v1.3 Define keys (HO)
))
(/usr/share/texlive/texmf-dist/tex/latex/oberdiek/kvoptions.sty
Package: kvoptions 2011/06/30 v3.11 Key value format for package options (HO)

(/usr/share/texlive/texmf-dist/tex/generic/oberdiek/kvsetkeys.sty
Package: kvsetkeys 2012/04/25 v1.16 Key value parser (HO)

(/usr/share/texlive/texmf-dist/tex/generic/oberdiek/etexcmds.sty
Package: etexcmds 2011/02/16 v1.5 Avoid name clashes with e-TeX commands (HO)
Package etexcmds Info: Could not find \expanded.
(etexcmds)             That can mean that you are not using pdfTeX 1.50 or
(etexcmds)             that some package has redefined \expanded.
(etexcmds)             In the latter case, load this package earlier.
)))
Package grfext Info: Graphics extension search list:
(grfext)             [.png,.pdf,.jpg,.mps,.jpeg,.jbig2,.jb2,.PNG,.PDF,.JPG,.JPE
G,.JBIG2,.JB2,.eps]
(grfext)             \AppendGraphicsExtensions on input line 452.

(/usr/share/texlive/texmf-dist/tex/latex/latexconfig/epstopdf-sys.cfg
File: epstopdf-sys.cfg 2010/07/13 v1.3 Configuration of (r)epstopdf for TeX Liv
e
))
LaTeX Info: Redefining \. on input line 29.
LaTeX Info: Redefining \% on input line 29.
\AtBeginShipoutBox=\box31

(/usr/share/texlive/texmf-dist/tex/latex/oberdiek/pdflscape.sty
Package: pdflscape 2008/08/11 v0.10 Display of landscape pages in PDF (HO)

(/usr/share/texlive/texmf-dist/tex/latex/graphics/lscape.sty
Package: lscape 2000/10/22 v3.01 Landscape Pages (DPC)
)
Package pdflscape Info: Auto-detected driver: pdftex on input line 80.

(/usr/share/texlive/texmf-dist/tex/generic/ifxetex/ifxetex.sty
Package: ifxetex 2010/09/12 v0.6 Provides ifxetex conditional
))
\c@lstlisting=\count108
LaTeX Font Info:    External font `cmex10' loaded for size
(Font)              <17.28> on input line 31.
LaTeX Font Info:    External font `cmex10' loaded for size
(Font)              <12> on input line 31.
LaTeX Font Info:    External font `cmex10' loaded for size
(Font)              <8> on input line 31.
LaTeX Font Info:    External font `cmex10' loaded for size
(Font)              <6> on input line 31.
LaTeX Font Info:    External font `cmex10' loaded for size
(Font)              <7> on input line 31.
LaTeX Font Info:    External font `cmex10' loaded for size
(Font)              <5> on input line 31.
 [1

{/var/lib/texmf/fonts/map/pdftex/updmap/pdftex.map}] (./informe.toc
LaTeX Info: Redefining \. on input line 1.
LaTeX Info: Redefining \% on input line 1.
)
\tf@toc=\write3
\openout3 = `informe.toc'.

 [2]
Underfull \hbox (badness 10000) in paragraph at lines 73--74

 []

[3]
Underfull \hbox (badness 10000) in paragraph at lines 75--77

 []


Underfull \hbox (badness 10000) in paragraph at lines 78--82

 []


Underfull \hbox (badness 10000) in paragraph at lines 83--85

 []


Underfull \hbox (badness 10000) in paragraph at lines 86--88

 []


Underfull \hbox (badness 10000) in paragraph at lines 89--91

 []


Underfull \hbox (badness 10000) in paragraph at lines 92--93

 []

[4]
Underfull \hbox (badness 10000) in paragraph at lines 100--101

 []


Underfull \hbox (badness 10000) in paragraph at lines 106--119

 []


Overfull \hbox (6.74693pt too wide) in paragraph at lines 106--119
[]        \OT1/cmtt/m/n/10 -V,             --version       Prints version infor
mation. 
 []


Underfull \hbox (badness 10000) in paragraph at lines 122--124

 []

[5]
Underfull \hbox (badness 10000) in paragraph at lines 147--150

 []

[6]
Underfull \hbox (badness 10000) in paragraph at lines 188--191

 []


Underfull \hbox (badness 10000) in paragraph at lines 196--204

 []


Underfull \hbox (badness 10000) in paragraph at lines 196--204

 []


Underfull \hbox (badness 10000) in paragraph at lines 196--204

 []


Underfull \hbox (badness 10000) in paragraph at lines 196--204

 []


Underfull \hbox (badness 10000) in paragraph at lines 205--217

 []


Underfull \hbox (badness 10000) in paragraph at lines 205--217

 []


Underfull \hbox (badness 10000) in paragraph at lines 205--217

 []


Underfull \hbox (badness 10000) in paragraph at lines 205--217

 []


Underfull \hbox (badness 10000) in paragraph at lines 205--217

 []


Underfull \hbox (badness 10000) in paragraph at lines 218--219

 []

<src/images/stackmcd.png, id=32, 339.2675pt x 150.5625pt>
File: src/images/stackmcd.png Graphic file (type png)

<use src/images/stackmcd.png>
Package pdftex.def Info: src/images/stackmcd.png used on input line 224.
(pdftex.def)             Requested size: 271.41435pt x 120.45015pt.
 [7]
<src/images/stackmcm.png, id=38, 421.575pt x 321.2pt>
File: src/images/stackmcm.png Graphic file (type png)

<use src/images/stackmcm.png>
Package pdftex.def Info: src/images/stackmcm.png used on input line 228.
(pdftex.def)             Requested size: 337.26045pt x 256.96034pt.

Overfull \hbox (7.26045pt too wide) in paragraph at lines 228--229
[][] 
 []

[8 <./src/images/stackmcd.png> <./src/images/stackmcm.png>] [9]
(/usr/share/texlive/texmf-dist/tex/latex/listings/lstlang1.sty
File: lstlang1.sty 2015/06/04 1.6 listings language file
)
(/usr/share/texlive/texmf-dist/tex/latex/listings/lstmisc.sty
File: lstmisc.sty 2015/06/04 1.6 (Carsten Heinz)
) (../../common.c
LaTeX Font Info:    Try loading font information for OML+cmr on input line 1.

(/usr/share/texlive/texmf-dist/tex/latex/base/omlcmr.fd
File: omlcmr.fd 2014/09/29 v2.5h Standard LaTeX font definitions
)
LaTeX Font Info:    Font shape `OML/cmr/m/n' in size <10> not available
(Font)              Font shape `OML/cmm/m/it' tried instead on input line 1.
LaTeX Font Info:    Try loading font information for OMS+cmr on input line 5.

(/usr/share/texlive/texmf-dist/tex/latex/base/omscmr.fd
File: omscmr.fd 2014/09/29 v2.5h Standard LaTeX font definitions
)
LaTeX Font Info:    Font shape `OMS/cmr/m/n' in size <10> not available
(Font)              Font shape `OMS/cmsy/m/n' tried instead on input line 5.
) (../../commonfunc.h
Overfull \hbox (33.00385pt too wide) in paragraph at lines 29--30
[][][][][][][][][][][][][][][][][][][][][][][][][][] 
 []


Overfull \hbox (159.00513pt too wide) in paragraph at lines 30--31
[][][][][][][][][][][][][][][][][][][][][][][][][][][][][][][][] 
 []

[10]
Overfull \hbox (99.00452pt too wide) in paragraph at lines 39--40
[][][][][][][][][][][][][][][][][][][][][][][][][][][][][][][][] 
 []


Overfull \hbox (351.00708pt too wide) in paragraph at lines 48--49
[][][][][][][][][][][][][][][][][][][][][][][][][][][][][][][][][][][][][][][][
][][][][][][][][][][][][][][][][][][][] 
 []


Overfull \hbox (87.0044pt too wide) in paragraph at lines 50--51
[][][][][][][][][][][][][][][][][][][][][][][][][][][][][][][][][][][] 
 []


Overfull \hbox (27.00378pt too wide) in paragraph at lines 51--52
[][][][][][][][][][][][][][][][][][][][][][][][] 
 []


Overfull \hbox (27.00374pt too wide) in paragraph at lines 52--53
[][][][][][][][][][][][][][][][][][][][] 
 []


Overfull \hbox (147.00496pt too wide) in paragraph at lines 53--54
[][][][][][][][][][][][][][][][][][][][][][][][][][][][] 
 []

) (../../commonfunc.c
Overfull \hbox (15.00366pt too wide) in paragraph at lines 10--11
[][][][][][][][][][][][][][][][][] 
 []


Overfull \hbox (81.00433pt too wide) in paragraph at lines 21--22
[][][][][][][][][][][][][][][][][][][][][][] 
 []

[11]
Overfull \hbox (171.00525pt too wide) in paragraph at lines 42--43
[][][][][][][][][][][][][][][][][][][][][][][][][] 
 []


Overfull \hbox (183.00537pt too wide) in paragraph at lines 43--44
[][][][][][][][][][][][][][][][][][][][][][][][] 
 []


Overfull \hbox (141.00494pt too wide) in paragraph at lines 44--45
[][][][][][][][][][][][][][][][][][][][][][][][][][] 
 []


Overfull \hbox (117.0047pt too wide) in paragraph at lines 45--46
[][][][][][][][][][][][][][][][][][][][][][][][] 
 []


Overfull \hbox (123.00476pt too wide) in paragraph at lines 46--47
[][][][][][][][][][][][][][][][][][][][][][][][][] 
 []


Overfull \hbox (105.00458pt too wide) in paragraph at lines 51--52
[][][][][][][][][][][][][][][][][][][][][][] 
 []


Overfull \hbox (75.00427pt too wide) in paragraph at lines 53--54
[][][][][][][][][][][][][][][][][][][][][][] 
 []


Overfull \hbox (15.00366pt too wide) in paragraph at lines 58--59
[][][][][][][][][][][][][][][][][][][][][][][] 
 []


Overfull \hbox (63.00415pt too wide) in paragraph at lines 59--60
[][][][][][][][][][][][][][][][][][][][][][][] 
 []


Overfull \hbox (15.00366pt too wide) in paragraph at lines 60--61
[][][][][][][][][][][][] 
 []


Overfull \hbox (183.00537pt too wide) in paragraph at lines 61--62
[][][][][][][][][][][][][][][][][][][][][][][][][] 
 []


Overfull \hbox (207.00562pt too wide) in paragraph at lines 62--63
[][][][][][][][][][][][][][][][][][][][][][][] 
 []


Overfull \hbox (213.00568pt too wide) in paragraph at lines 63--64
[][][][][][][][][][][][][][][][][][][][][][][] 
 []


Overfull \hbox (285.00641pt too wide) in paragraph at lines 64--65
[][][][][][][][][][][][][][][][][][][][][] 
 []


Overfull \hbox (123.00476pt too wide) in paragraph at lines 65--66
[][][][][][][] 
 []


Overfull \hbox (159.00513pt too wide) in paragraph at lines 68--69
[][][][][][][][][][][][][][][][][][][] 
 []


Overfull \hbox (159.00513pt too wide) in paragraph at lines 69--70
[][][][][][][][][][][][][][][][][] 
 []


Overfull \hbox (159.00513pt too wide) in paragraph at lines 70--71
[][][][][][][] 
 []


Overfull \hbox (159.00513pt too wide) in paragraph at lines 73--74
[][][][][][][][][][][][][][][][][][][] 
 []


Overfull \hbox (159.00513pt too wide) in paragraph at lines 74--75
[][][][][][][][][][][][][][][][][] 
 []


Overfull \hbox (159.00513pt too wide) in paragraph at lines 75--76
[][][][][][][] 
 []

[12]
Overfull \hbox (15.00366pt too wide) in paragraph at lines 81--82
[][][][][][][][][][][][][][] 
 []


Overfull \hbox (75.00427pt too wide) in paragraph at lines 82--83
[][][][][][][] 
 []


Overfull \hbox (27.00378pt too wide) in paragraph at lines 88--89
[][][][][][][] 
 []


Overfull \hbox (159.00513pt too wide) in paragraph at lines 93--94
[][][][][][][][][][][][][][][][][][][][][][][][][][][][][][][][] 
 []


Overfull \hbox (15.00366pt too wide) in paragraph at lines 94--95
[][][][][][][] 
 []


Overfull \hbox (159.00513pt too wide) in paragraph at lines 97--98
[][][][][][][][][][][][][][][][][][][][][][][][][][][][][][][][] 
 []


Overfull \hbox (15.00366pt too wide) in paragraph at lines 98--99
[][][][][][][] 
 []


Overfull \hbox (207.00562pt too wide) in paragraph at lines 105--106
[][][][][][][][][][][][][][][][][][][][][][][][][][][][][][][][][][][][][][] 
 []


Overfull \hbox (15.00366pt too wide) in paragraph at lines 117--118
[][][][][][][][][][][][][][][][][][][][][][][] 
 []


Overfull \hbox (15.00366pt too wide) in paragraph at lines 121--122
[][][][][][][][][][][][][][][] 
 []


Overfull \hbox (15.00366pt too wide) in paragraph at lines 122--123
[][][][][][][][][][][][][][][] 
 []


Overfull \hbox (63.00415pt too wide) in paragraph at lines 123--124
[][][][][][][][][][][][][][][][][][][][][][][] 
 []


Overfull \hbox (195.0055pt too wide) in paragraph at lines 124--125
[][][][][][][][][][][][][][][][][] 
 []

[13]
Overfull \hbox (111.00464pt too wide) in paragraph at lines 127--128
[][][][][][][][][][][][][][][][][][][][][][][] 
 []


Overfull \hbox (243.00598pt too wide) in paragraph at lines 128--129
[][][][][][][][][][][][][][][][][] 
 []


Overfull \hbox (243.00598pt too wide) in paragraph at lines 132--133
[][][][][][][][][][][][][][][][][] 
 []


Overfull \hbox (243.00598pt too wide) in paragraph at lines 133--134
[][][][][][][][][][][][][][][][][] 
 []


Overfull \hbox (57.00409pt too wide) in paragraph at lines 136--137
[][][][][][][][][][][] 
 []


Overfull \hbox (291.00647pt too wide) in paragraph at lines 137--138
[][][][][][][][][][][][][][][][][][][][][][][][][][][][][][][][][][] 
 []


Overfull \hbox (15.00366pt too wide) in paragraph at lines 138--139
[][][][][][][][][][] 
 []


Overfull \hbox (33.00385pt too wide) in paragraph at lines 139--140
[][][][][][][] 
 []

) (../../mathfunc.h) (../../mathfunc.c
Overfull \hbox (87.0044pt too wide) in paragraph at lines 3--4
[][][][][][][][][][][][][][][][][][][][][][][][][] 
 []


Overfull \hbox (93.00446pt too wide) in paragraph at lines 14--15
[][][][][][][][][][][][][][][][][][][][][][][][][] 
 []

) [14] [15] (/usr/share/texlive/texmf-dist/tex/latex/listings/lstlang1.sty
File: lstlang1.sty 2015/06/04 1.6 listings language file
)
(/usr/share/texlive/texmf-dist/tex/latex/listings/lstlang2.sty
File: lstlang2.sty 2015/06/04 1.6 listings language file
)
(/usr/share/texlive/texmf-dist/tex/latex/listings/lstlang3.sty
File: lstlang3.sty 2015/06/04 1.6 listings language file
)
(../../mathfunc.S
LaTeX Font Info:    Font shape `OML/cmr/m/n' in size <9> not available
(Font)              Font shape `OML/cmm/m/it' tried instead on input line 1.

Overfull \hbox (21.30121pt too wide) in paragraph at lines 28--29
[][][][][][][][][][][][][][][][][][][][][][] 
 []


Overfull \hbox (10.20117pt too wide) in paragraph at lines 29--30
[][][][][][][][][][][][][][][][][][][][][][][][][][][] 
 []


Overfull \hbox (21.30121pt too wide) in paragraph at lines 40--41
[][][][][][][][][][][][][][][][][][][][][][][][][] 
 []


Overfull \hbox (49.0513pt too wide) in paragraph at lines 46--47
[][][][][][][][][][][][][][][][][][][][][][][][][][] 
 []


Overfull \hbox (32.40125pt too wide) in paragraph at lines 52--53
[][][][][][][][][][][][][][][][][][][][][][][][][][][][][][][][][]
 []

[16]
Overfull \hbox (71.25137pt too wide) in paragraph at lines 64--65
[][][][][][][][][][][][][][][][][][][][][][][][][][][][] 
 []


Overfull \hbox (21.30121pt too wide) in paragraph at lines 97--99
[][][][][][][][][][][][][][][][][][][][][][] 
 []


Overfull \hbox (10.20117pt too wide) in paragraph at lines 99--100
[][][][][][][][][][][][][][][][][][][][][][][][][][][] 
 []

LaTeX Font Info:    Font shape `OMS/cmr/m/n' in size <9> not available
(Font)              Font shape `OMS/cmsy/m/n' tried instead on input line 102.

Overfull \hbox (76.80139pt too wide) in paragraph at lines 104--105
[][][][][][][][][][][][][][][][][][][][][][][][][] 
 []

[17]
Overfull \hbox (171.1517pt too wide) in paragraph at lines 112--113
[][][][][][][][][][][][][][][][][][][][][][][][][][][][][][][][][][][][][][] 
 []

)
Overfull \hbox (21.30121pt too wide) in paragraph at lines 116--254
[][][][][][][][][][][][][][][][][] 
 []

[18] <src/enunciado.pdf, id=78, 597.50829pt x 845.0471pt>
File: src/enunciado.pdf Graphic file (type pdf)

<use src/enunciado.pdf>
Package pdftex.def Info: src/enunciado.pdf used on input line 258.
(pdftex.def)             Requested size: 597.50682pt x 845.04504pt.
File: src/enunciado.pdf Graphic file (type pdf)
 <use src/enunciado.pdf>
Package pdftex.def Info: src/enunciado.pdf used on input line 258.
(pdftex.def)             Requested size: 597.50682pt x 845.04504pt.

<src/enunciado.pdf, id=81, page=1, 597.50829pt x 845.0471pt>
File: src/enunciado.pdf Graphic file (type pdf)

<use src/enunciado.pdf, page 1>
Package pdftex.def Info: src/enunciado.pdf, page1 used on input line 258.
(pdftex.def)             Requested size: 597.50682pt x 845.04504pt.
File: src/enunciado.pdf Graphic file (type pdf)
 <use src/enunciado.pdf, page 1>
Package pdftex.def Info: src/enunciado.pdf, page1 used on input line 258.
(pdftex.def)             Requested size: 597.53416pt x 845.08372pt.
File: src/enunciado.pdf Graphic file (type pdf)

<use src/enunciado.pdf, page 1>
Package pdftex.def Info: src/enunciado.pdf, page1 used on input line 258.
(pdftex.def)             Requested size: 597.53416pt x 845.08372pt.
File: src/enunciado.pdf Graphic file (type pdf)
 <use src/enunciado.pdf, page 1>
Package pdftex.def Info: src/enunciado.pdf, page1 used on input line 258.
(pdftex.def)             Requested size: 597.53416pt x 845.08372pt.
File: src/enunciado.pdf Graphic file (type pdf)

<use src/enunciado.pdf, page 1>
Package pdftex.def Info: src/enunciado.pdf, page1 used on input line 258.
(pdftex.def)             Requested size: 597.53416pt x 845.08372pt.
 [19 <./src/enunciado.pdf>]
<src/enunciado.pdf, id=117, page=2, 597.50829pt x 845.0471pt>
File: src/enunciado.pdf Graphic file (type pdf)

<use src/enunciado.pdf, page 2>
Package pdftex.def Info: src/enunciado.pdf, page2 used on input line 258.
(pdftex.def)             Requested size: 597.53416pt x 845.08372pt.
File: src/enunciado.pdf Graphic file (type pdf)
 <use src/enunciado.pdf, page 2>
Package pdftex.def Info: src/enunciado.pdf, page2 used on input line 258.
(pdftex.def)             Requested size: 597.53416pt x 845.08372pt.
File: src/enunciado.pdf Graphic file (type pdf)

<use src/enunciado.pdf, page 2>
Package pdftex.def Info: src/enunciado.pdf, page2 used on input line 258.
(pdftex.def)             Requested size: 597.53416pt x 845.08372pt.
 [20 <./src/enunciado.pdf>]
<src/enunciado.pdf, id=131, page=3, 597.50829pt x 845.0471pt>
File: src/enunciado.pdf Graphic file (type pdf)

<use src/enunciado.pdf, page 3>
Package pdftex.def Info: src/enunciado.pdf, page3 used on input line 258.
(pdftex.def)             Requested size: 597.53416pt x 845.08372pt.
File: src/enunciado.pdf Graphic file (type pdf)
 <use src/enunciado.pdf, page 3>
Package pdftex.def Info: src/enunciado.pdf, page3 used on input line 258.
(pdftex.def)             Requested size: 597.53416pt x 845.08372pt.
File: src/enunciado.pdf Graphic file (type pdf)

<use src/enunciado.pdf, page 3>
Package pdftex.def Info: src/enunciado.pdf, page3 used on input line 258.
(pdftex.def)             Requested size: 597.53416pt x 845.08372pt.
 [21 <./src/enunciado.pdf>]
<src/enunciado.pdf, id=145, page=4, 597.50829pt x 845.0471pt>
File: src/enunciado.pdf Graphic file (type pdf)

<use src/enunciado.pdf, page 4>
Package pdftex.def Info: src/enunciado.pdf, page4 used on input line 258.
(pdftex.def)             Requested size: 597.53416pt x 845.08372pt.
File: src/enunciado.pdf Graphic file (type pdf)
 <use src/enunciado.pdf, page 4>
Package pdftex.def Info: src/enunciado.pdf, page4 used on input line 258.
(pdftex.def)             Requested size: 597.53416pt x 845.08372pt.
File: src/enunciado.pdf Graphic file (type pdf)

<use src/enunciado.pdf, page 4>
Package pdftex.def Info: src/enunciado.pdf, page4 used on input line 258.
(pdftex.def)             Requested size: 597.53416pt x 845.08372pt.
 [22 <./src/enunciado.pdf>]
Overfull \hbox (9.91722pt too wide) in paragraph at lines 264--265
[]\OT1/cmr/m/n/10 Algoritmo de Eu-cli-des, https://es.wikipedia.org/wiki/Algori
tmo[]\OT1/cmtt/m/n/10 _de_\OT1/cmr/m/n/10 Euclides 
 []

[23] (./informe.aux
LaTeX Info: Redefining \. on input line 6.
LaTeX Info: Redefining \% on input line 6.
) ) 
Here is how much of TeX's memory you used:
 6362 strings out of 493029
 85578 string characters out of 6136235
 208249 words of memory out of 5000000
 9783 multiletter control sequences out of 15000+600000
 11067 words of font info for 39 fonts, out of 8000000 for 9000
 1141 hyphenation exceptions out of 8191
 40i,18n,52p,463b,2089s stack positions out of 5000i,500n,10000p,200000b,80000s
</usr/share/texlive/texmf-dist/fonts/type1/public/amsfonts/cm/cmbx10.pfb></u
sr/share/texlive/texmf-dist/fonts/type1/public/amsfonts/cm/cmbx12.pfb></usr/sha
re/texlive/texmf-dist/fonts/type1/public/amsfonts/cm/cmbx9.pfb></usr/share/texl
ive/texmf-dist/fonts/type1/public/amsfonts/cm/cmmi10.pfb></usr/share/texlive/te
xmf-dist/fonts/type1/public/amsfonts/cm/cmmi8.pfb></usr/share/texlive/texmf-dis
t/fonts/type1/public/amsfonts/cm/cmmi9.pfb></usr/share/texlive/texmf-dist/fonts
/type1/public/amsfonts/cm/cmr10.pfb></usr/share/texlive/texmf-dist/fonts/type1/
public/amsfonts/cm/cmr12.pfb></usr/share/texlive/texmf-dist/fonts/type1/public/
amsfonts/cm/cmr17.pfb></usr/share/texlive/texmf-dist/fonts/type1/public/amsfont
s/cm/cmr6.pfb></usr/share/texlive/texmf-dist/fonts/type1/public/amsfonts/cm/cmr
8.pfb></usr/share/texlive/texmf-dist/fonts/type1/public/amsfonts/cm/cmr9.pfb></
usr/share/texlive/texmf-dist/fonts/type1/public/amsfonts/cm/cmsy10.pfb></usr/sh
are/texlive/texmf-dist/fonts/type1/public/amsfonts/cm/cmsy9.pfb></usr/share/tex
live/texmf-dist/fonts/type1/public/amsfonts/cm/cmti10.pfb></usr/share/texlive/t
exmf-dist/fonts/type1/public/amsfonts/cm/cmti12.pfb></usr/share/texlive/texmf-d
ist/fonts/type1/public/amsfonts/cm/cmtt10.pfb></usr/share/texlive/texmf-dist/fo
nts/type1/public/amsfonts/cm/cmtt12.pfb>
Output written on informe.pdf (23 pages, 300439 bytes).
PDF statistics:
 196 PDF objects out of 1000 (max. 8388607)
 140 compressed objects within 2 object streams
 0 named destinations out of 1000 (max. 500000)
 46 words of extra memory for PDF output out of 10000 (max. 10000000)

